Change Component Comment: Designator=C3 Old Comment=Cap New Comment=0.1uf
Change Component Comment: Designator=C6 Old Comment=Cap New Comment=0.1uf
Change Component Comment: Designator=C7 Old Comment=Cap New Comment=0.1uf
Change Component Comment: Designator=C8 Old Comment=Cap New Comment=0.1uf
Change Component Comment: Designator=C9 Old Comment=Cap New Comment=0.1uf
Change Component Comment: Designator=C11 Old Comment=Cap New Comment=0.1uf
Change Component Comment: Designator=C13 Old Comment=Cap New Comment=0.1uf
Change Component Comment: Designator=C15 Old Comment=Cap New Comment=0.1uf
Change Component Comment: Designator=C20 Old Comment=Cap New Comment=0.1uf
Change Component Comment: Designator=C22 Old Comment=Cap New Comment=0.1uf
Change Component Comment: Designator=C24 Old Comment=Cap New Comment=0.1uf
Change Component Comment: Designator=C26 Old Comment=Cap New Comment=0.1uf
Change Component Comment: Designator=C28 Old Comment=Cap New Comment=0.1uf
Change Component Comment: Designator=C10 Old Comment=Cap New Comment=1uf
Change Component Comment: Designator=C4 Old Comment=Cap New Comment=4.7uf
Change Component Comment: Designator=C5 Old Comment=Cap New Comment=4.7uf
Change Component Comment: Designator=C21 Old Comment=Cap New Comment=4.7uf
Change Component Comment: Designator=C23 Old Comment=Cap New Comment=4.7uf
Change Component Comment: Designator=C25 Old Comment=Cap New Comment=4.7uf
Change Component Comment: Designator=C27 Old Comment=Cap New Comment=4.7uf
Change Component Comment: Designator=C29 Old Comment=Cap New Comment=4.7uf
Change Component Comment: Designator=C12 Old Comment=Cap New Comment=10uf
Change Component Comment: Designator=C14 Old Comment=Cap New Comment=10uf
Change Component Comment: Designator=C1 Old Comment=Cap New Comment=18pf
Change Component Comment: Designator=C2 Old Comment=Cap New Comment=18pf
Change Component Comment: Designator=R10 Old Comment=Res1 New Comment=0.5R
Change Component Comment: Designator=R11 Old Comment=Res1 New Comment=0.5R
Change Component Comment: Designator=R12 Old Comment=Res1 New Comment=0.5R
Change Component Comment: Designator=R13 Old Comment=Res1 New Comment=0.5R
Change Component Comment: Designator=R14 Old Comment=Res1 New Comment=0.5R
Change Component Comment: Designator=R8 Old Comment=Res1 New Comment=0R
Change Component Comment: Designator=R6 Old Comment=Res1 New Comment=1k
Change Component Comment: Designator=R7 Old Comment=Res1 New Comment=1k
Change Component Comment: Designator=R9 Old Comment=Res1 New Comment=1k
Change Component Comment: Designator=R1 Old Comment=Res1 New Comment=10k
Change Component Comment: Designator=R2 Old Comment=Res1 New Comment=10k
Change Component Comment: Designator=R3 Old Comment=Res1 New Comment=10k
Change Component Comment: Designator=R4 Old Comment=Res1 New Comment=10k
Change Component Comment: Designator=R5 Old Comment=Res1 New Comment=10k
